<?xml version="1.0" encoding="UTF-8"?>
<!-- Generated by org.testng.reporters.JUnitReportReporter -->
<testsuite hostname="SAM" failures="0" tests="4" name="pageTests.MainTests" time="5.365" errors="0" timestamp="2022-03-18T01:23:08 IST" skipped="0">
  <testcase classname="pageTests.MainTests" name="userRegistrationTest" time="1.326"/>
  <system-out>
    <![CDATA[Conformation message for registration of user::joe and pass::joe1is :::Thank you, joe, for registering and welcome to the Web Tours family. We hope we can meet all your current and future travel needs. If you have any questions, feel free to ask our support staff. Click below when you're ready to plan your dream trip...]]>
  </system-out>
  <testcase classname="pageTests.MainTests" name="userRegistrationTest" time="1.299"/>
  <system-out>
    <![CDATA[Conformation message for registration of user::mark and pass::mark11is :::Thank you, mark, for registering and welcome to the Web Tours family. We hope we can meet all your current and future travel needs. If you have any questions, feel free to ask our support staff. Click below when you're ready to plan your dream trip...]]>
  </system-out>
  <testcase classname="pageTests.MainTests" name="userRegistrationTest" time="1.388"/>
  <system-out>
    <![CDATA[Conformation message for registration of user::sam and pass::samis :::Thank you, sam, for registering and welcome to the Web Tours family. We hope we can meet all your current and future travel needs. If you have any questions, feel free to ask our support staff. Click below when you're ready to plan your dream trip...]]>
  </system-out>
  <testcase classname="pageTests.MainTests" name="userRegistrationTest" time="1.352"/>
  <system-out>
    <![CDATA[Conformation message for registration of user::joseph and pass::jsp1122is :::Thank you, joseph, for registering and welcome to the Web Tours family. We hope we can meet all your current and future travel needs. If you have any questions, feel free to ask our support staff. Click below when you're ready to plan your dream trip...]]>
  </system-out>
</testsuite> <!-- pageTests.MainTests -->
